{
  "stats": {
    "suites": 1,
    "tests": 4,
    "passes": 3,
    "pending": 0,
    "failures": 1,
    "start": "2025-04-21T04:15:56.021Z",
    "end": "2025-04-21T04:17:24.327Z",
    "duration": 88306,
    "testsRegistered": 4,
    "passPercent": 75,
    "pendingPercent": 0,
    "other": 0,
    "hasOther": false,
    "skipped": 0,
    "hasSkipped": false
  },
  "results": [
    {
      "uuid": "d85e05e7-98de-4e82-80e7-f02eb260f49f",
      "title": "",
      "fullFile": "C:\\NETSPEQ_All_Auto_Test\\Habbu-Kitchen-Test-Script\\Test_Cases\\Unit\\Login_Test\\login_Test_Case.js",
      "file": "\\Test_Cases\\Unit\\Login_Test\\login_Test_Case.js",
      "beforeHooks": [],
      "afterHooks": [],
      "tests": [],
      "suites": [
        {
          "uuid": "3560437a-d798-4371-9b88-551887b4a01e",
          "title": "Unit Test: Should Successfully login",
          "fullFile": "C:\\NETSPEQ_All_Auto_Test\\Habbu-Kitchen-Test-Script\\Test_Cases\\Unit\\Login_Test\\login_Test_Case.js",
          "file": "\\Test_Cases\\Unit\\Login_Test\\login_Test_Case.js",
          "beforeHooks": [
            {
              "title": "\"before all\" hook in \"Unit Test: Should Successfully login\"",
              "fullTitle": "Unit Test: Should Successfully login \"before all\" hook in \"Unit Test: Should Successfully login\"",
              "timedOut": false,
              "duration": 6400,
              "state": null,
              "speed": null,
              "pass": false,
              "fail": false,
              "pending": false,
              "context": null,
              "code": "test = new BaseTest();\nawait test.init(\"android\");\nlogin_POM = new Login_POM(test.driver);",
              "err": {},
              "uuid": "def03b13-dba3-411c-9f88-926261ae0c92",
              "parentUUID": "3560437a-d798-4371-9b88-551887b4a01e",
              "isHook": true,
              "skipped": false
            }
          ],
          "afterHooks": [],
          "tests": [
            {
              "title": "Should tab on Continue if Continue button is display",
              "fullTitle": "Unit Test: Should Successfully login Should tab on Continue if Continue button is display",
              "timedOut": false,
              "duration": 21606,
              "state": "passed",
              "speed": "slow",
              "pass": true,
              "fail": false,
              "pending": false,
              "context": null,
              "code": "await login_POM.tabtoContinueButton();",
              "err": {},
              "uuid": "ceb27bd2-b967-48b2-bafc-a3a97e4b0ad8",
              "parentUUID": "3560437a-d798-4371-9b88-551887b4a01e",
              "isHook": false,
              "skipped": false
            },
            {
              "title": "Should Display Login Page",
              "fullTitle": "Unit Test: Should Successfully login Should Display Login Page",
              "timedOut": false,
              "duration": 11,
              "state": "passed",
              "speed": "fast",
              "pass": true,
              "fail": false,
              "pending": false,
              "context": null,
              "code": "const chectStatus =  await login_POM.isLoginScreenDisplay();\nexpect(chectStatus).to.be.true;",
              "err": {},
              "uuid": "603ea82f-003b-4f75-b91c-2cf105bf61a3",
              "parentUUID": "3560437a-d798-4371-9b88-551887b4a01e",
              "isHook": false,
              "skipped": false
            },
            {
              "title": "Should tabe on Sign in Button",
              "fullTitle": "Unit Test: Should Successfully login Should tabe on Sign in Button",
              "timedOut": false,
              "duration": 270,
              "state": "passed",
              "speed": "slow",
              "pass": true,
              "fail": false,
              "pending": false,
              "context": null,
              "code": "await login_POM.SignIn(loginData.valid.Email, loginData.valid.Password);\nawait login_POM.tabtoSiginButton();",
              "err": {},
              "uuid": "8f0c45bb-c5d1-4246-bf43-da60309e974d",
              "parentUUID": "3560437a-d798-4371-9b88-551887b4a01e",
              "isHook": false,
              "skipped": false
            },
            {
              "title": "Should enter OTP",
              "fullTitle": "Unit Test: Should Successfully login Should enter OTP",
              "timedOut": true,
              "duration": 60014,
              "state": "failed",
              "speed": null,
              "pass": false,
              "fail": true,
              "pending": false,
              "context": null,
              "code": "// await login_POM. enterOTP();\n// await login_POM.resendOTP();\nawait login_POM.tabtoConfirm();",
              "err": {
                "message": "Error: Timeout of 60000ms exceeded. For async tests and hooks, ensure \"done()\" is called; if returning a Promise, ensure it resolves. (C:\\NETSPEQ_All_Auto_Test\\Habbu-Kitchen-Test-Script\\Test_Cases\\Unit\\Login_Test\\login_Test_Case.js)",
                "estack": "Error: Timeout of 60000ms exceeded. For async tests and hooks, ensure \"done()\" is called; if returning a Promise, ensure it resolves. (C:\\NETSPEQ_All_Auto_Test\\Habbu-Kitchen-Test-Script\\Test_Cases\\Unit\\Login_Test\\login_Test_Case.js)\n    at listOnTimeout (node:internal/timers:594:17)\n    at process.processTimers (node:internal/timers:529:7)",
                "diff": null
              },
              "uuid": "4eb1629d-b799-4f45-8a21-4883bb1562d0",
              "parentUUID": "3560437a-d798-4371-9b88-551887b4a01e",
              "isHook": false,
              "skipped": false
            }
          ],
          "suites": [],
          "passes": [
            "ceb27bd2-b967-48b2-bafc-a3a97e4b0ad8",
            "603ea82f-003b-4f75-b91c-2cf105bf61a3",
            "8f0c45bb-c5d1-4246-bf43-da60309e974d"
          ],
          "failures": [
            "4eb1629d-b799-4f45-8a21-4883bb1562d0"
          ],
          "pending": [],
          "skipped": [],
          "duration": 81901,
          "root": false,
          "rootEmpty": false,
          "_timeout": 60000
        }
      ],
      "passes": [],
      "failures": [],
      "pending": [],
      "skipped": [],
      "duration": 0,
      "root": true,
      "rootEmpty": true,
      "_timeout": 2000
    }
  ],
  "meta": {
    "mocha": {
      "version": "11.1.0"
    },
    "mochawesome": {
      "options": {
        "quiet": false,
        "reportFilename": "mochawesome",
        "saveHtml": true,
        "saveJson": true,
        "consoleReporter": "spec",
        "useInlineDiffs": false,
        "code": true
      },
      "version": "7.1.3"
    },
    "marge": {
      "options": null,
      "version": "6.2.0"
    }
  }
}